<?xml version="1.0" encoding="UTF-8"?>
<!-- Generated by org.testng.reporters.JUnitXMLReporter -->
<testsuite ignored="0" hostname="VXs-MacBook-Air" failures="0" tests="7" name="Test1" time="50.348" errors="0" timestamp="2022-09-06T11:40:41 IST">
  <testcase classname="amazon.Amazon.ValidLoginTest" name="validLoginTest" time="8.612"/>
  <testcase classname="amazon.Amazon.ThreatListScreenTest" name="openItemDetails" time="5.714"/>
  <testcase classname="amazon.Amazon.ThreatListScreenTest" name="searchTest" time="2.396"/>
  <testcase classname="amazon.Amazon.ThreatListScreenTest" name="searchTest" time="2.92"/>
  <testcase classname="amazon.Amazon.ThreatListScreenTest" name="locFilter" time="5.21"/>
  <testcase classname="amazon.Amazon.ThreatListScreenTest" name="getNotify" time="2.159"/>
  <testcase classname="amazon.Amazon.ThreatListScreenTest" name="getUser" time="4.154"/>
</testsuite> <!-- Test1 -->
