<?xml version="1.0" encoding="UTF-8"?>
<!-- Generated by org.testng.reporters.JUnitXMLReporter -->
<testsuite ignored="0" hostname="VXs-MacBook-Air" failures="0" tests="6" name="Test1" time="50.432" errors="0" timestamp="2022-08-09T19:28:44 IST">
  <testcase classname="amazon.Amazon.ValidLoginTest" name="validLoginTest" time="9.05"/>
  <testcase classname="amazon.Amazon.ThreatListScreenTest" name="openItemDetails" time="6.268"/>
  <testcase classname="amazon.Amazon.ThreatListScreenTest" name="searchTest" time="3.581"/>
  <testcase classname="amazon.Amazon.ThreatListScreenTest" name="locFilter" time="6.172"/>
  <testcase classname="amazon.Amazon.ThreatListScreenTest" name="getNotify" time="4.316"/>
  <testcase classname="amazon.Amazon.ThreatListScreenTest" name="getUser" time="5.175"/>
</testsuite> <!-- Test1 -->
