<?xml version="1.0" encoding="UTF-8"?>
<testng-results ignored="0" total="6" passed="6" failed="0" skipped="0">
  <reporter-output>
  </reporter-output>
  <suite started-at="2022-10-13T22:33:10 IST" name="Suite" finished-at="2022-10-13T22:34:25 IST" duration-ms="75260">
    <groups>
    </groups>
    <test started-at="2022-10-13T22:33:10 IST" name="Test1" finished-at="2022-10-13T22:34:25 IST" duration-ms="75260">
      <class name="amazon.Amazon.LoginTestClass">
        <test-method is-config="true" signature="openAppTest()[pri:0, instance:amazon.Amazon.LoginTestClass@4c60d6e9]" started-at="2022-10-13T22:32:56 IST" name="openAppTest" finished-at="2022-10-13T22:33:10 IST" duration-ms="14468" status="PASS">
          <reporter-output>
          </reporter-output>
        </test-method> <!-- openAppTest -->
        <test-method is-config="true" signature="startHome()[pri:0, instance:amazon.Amazon.LoginTestClass@4c60d6e9]" started-at="2022-10-13T22:33:10 IST" name="startHome" finished-at="2022-10-13T22:33:13 IST" duration-ms="2883" status="PASS">
          <reporter-output>
          </reporter-output>
        </test-method> <!-- startHome -->
        <test-method signature="loginTest(java.lang.String)[pri:0, instance:amazon.Amazon.LoginTestClass@4c60d6e9]" started-at="2022-10-13T22:33:13 IST" name="loginTest" data-provider="getEmails" finished-at="2022-10-13T22:33:16 IST" duration-ms="2564" status="PASS">
          <params>
            <param index="0">
              <value>
                <![CDATA[ranjuversionx.in]]>
              </value>
            </param>
          </params>
          <reporter-output>
          </reporter-output>
        </test-method> <!-- loginTest -->
        <test-method is-config="true" signature="startHome()[pri:0, instance:amazon.Amazon.LoginTestClass@4c60d6e9]" started-at="2022-10-13T22:33:16 IST" name="startHome" finished-at="2022-10-13T22:33:19 IST" duration-ms="2979" status="PASS">
          <reporter-output>
          </reporter-output>
        </test-method> <!-- startHome -->
        <test-method signature="loginTest(java.lang.String)[pri:0, instance:amazon.Amazon.LoginTestClass@4c60d6e9]" started-at="2022-10-13T22:33:19 IST" name="loginTest" data-provider="getEmails" finished-at="2022-10-13T22:33:22 IST" duration-ms="2994" status="PASS">
          <params>
            <param index="0">
              <value>
                <![CDATA[purvi@versionx]]>
              </value>
            </param>
          </params>
          <reporter-output>
          </reporter-output>
        </test-method> <!-- loginTest -->
        <test-method is-config="true" signature="startHome()[pri:0, instance:amazon.Amazon.LoginTestClass@4c60d6e9]" started-at="2022-10-13T22:33:22 IST" name="startHome" finished-at="2022-10-13T22:33:25 IST" duration-ms="3277" status="PASS">
          <reporter-output>
          </reporter-output>
        </test-method> <!-- startHome -->
        <test-method signature="loginTest(java.lang.String)[pri:0, instance:amazon.Amazon.LoginTestClass@4c60d6e9]" started-at="2022-10-13T22:33:25 IST" name="loginTest" data-provider="getEmails" finished-at="2022-10-13T22:34:02 IST" duration-ms="37079" status="PASS">
          <params>
            <param index="0">
              <value>
                <![CDATA[purvi@gmail.com]]>
              </value>
            </param>
          </params>
          <reporter-output>
          </reporter-output>
        </test-method> <!-- loginTest -->
      </class> <!-- amazon.Amazon.LoginTestClass -->
      <class name="amazon.Amazon.IntelTestClass">
        <test-method signature="shareIntelButtonTest()[pri:0, instance:amazon.Amazon.IntelTestClass@3f191845]" started-at="2022-10-13T22:34:17 IST" name="shareIntelButtonTest" finished-at="2022-10-13T22:34:17 IST" duration-ms="244" status="PASS">
          <reporter-output>
          </reporter-output>
        </test-method> <!-- shareIntelButtonTest -->
        <test-method signature="fillIntelForm()[pri:0, instance:amazon.Amazon.IntelTestClass@3f191845]" started-at="2022-10-13T22:34:17 IST" name="fillIntelForm" finished-at="2022-10-13T22:34:25 IST" depends-on-methods="amazon.Amazon.IntelTestClass.shareIntelButtonTest" duration-ms="8029" status="PASS">
          <reporter-output>
          </reporter-output>
        </test-method> <!-- fillIntelForm -->
      </class> <!-- amazon.Amazon.IntelTestClass -->
      <class name="amazon.Amazon.ThreatRaiseTestClass">
        <test-method signature="mockDrillTest()[pri:0, instance:amazon.Amazon.ThreatRaiseTestClass@35dab4eb]" started-at="2022-10-13T22:34:02 IST" name="mockDrillTest" finished-at="2022-10-13T22:34:17 IST" duration-ms="15141" status="PASS">
          <reporter-output>
          </reporter-output>
        </test-method> <!-- mockDrillTest -->
      </class> <!-- amazon.Amazon.ThreatRaiseTestClass -->
    </test> <!-- Test1 -->
  </suite> <!-- Suite -->
</testng-results>
