<?xml version="1.0" encoding="UTF-8"?>
<testng-results ignored="0" total="6" passed="6" failed="0" skipped="0">
  <reporter-output>
  </reporter-output>
  <suite started-at="2022-07-25T11:30:09 IST" name="Suite" finished-at="2022-07-25T11:31:09 IST" duration-ms="60041">
    <groups>
    </groups>
    <test started-at="2022-07-25T11:30:09 IST" name="Test1" finished-at="2022-07-25T11:31:09 IST" duration-ms="60041">
      <class name="amazon.Amazon.ThreatListScreenTest">
        <test-method is-config="true" signature="openAppTest()[pri:0, instance:amazon.Amazon.ThreatListScreenTest@353352b6]" started-at="2022-07-25T11:29:49 IST" name="openAppTest" finished-at="2022-07-25T11:30:09 IST" duration-ms="19903" status="PASS">
          <reporter-output>
          </reporter-output>
        </test-method> <!-- openAppTest -->
        <test-method is-config="true" signature="startHome()[pri:0, instance:amazon.Amazon.ThreatListScreenTest@353352b6]" started-at="2022-07-25T11:30:09 IST" name="startHome" finished-at="2022-07-25T11:30:14 IST" duration-ms="4533" status="PASS">
          <reporter-output>
          </reporter-output>
        </test-method> <!-- startHome -->
        <test-method signature="validLoginTest()[pri:1, instance:amazon.Amazon.ThreatListScreenTest@353352b6]" started-at="2022-07-25T11:30:14 IST" name="validLoginTest" finished-at="2022-07-25T11:30:20 IST" duration-ms="5895" status="PASS">
          <reporter-output>
          </reporter-output>
        </test-method> <!-- validLoginTest -->
        <test-method is-config="true" signature="startHome()[pri:0, instance:amazon.Amazon.ThreatListScreenTest@353352b6]" started-at="2022-07-25T11:30:20 IST" name="startHome" finished-at="2022-07-25T11:30:24 IST" duration-ms="4487" status="PASS">
          <reporter-output>
          </reporter-output>
        </test-method> <!-- startHome -->
        <test-method signature="openItemDetails()[pri:3, instance:amazon.Amazon.ThreatListScreenTest@353352b6]" started-at="2022-07-25T11:30:24 IST" name="openItemDetails" finished-at="2022-07-25T11:30:31 IST" duration-ms="7184" status="PASS">
          <reporter-output>
          </reporter-output>
        </test-method> <!-- openItemDetails -->
        <test-method is-config="true" signature="startHome()[pri:0, instance:amazon.Amazon.ThreatListScreenTest@353352b6]" started-at="2022-07-25T11:30:31 IST" name="startHome" finished-at="2022-07-25T11:30:36 IST" duration-ms="4391" status="PASS">
          <reporter-output>
          </reporter-output>
        </test-method> <!-- startHome -->
        <test-method signature="searchTest()[pri:4, instance:amazon.Amazon.ThreatListScreenTest@353352b6]" started-at="2022-07-25T11:30:36 IST" name="searchTest" finished-at="2022-07-25T11:30:40 IST" duration-ms="3956" status="PASS">
          <reporter-output>
          </reporter-output>
        </test-method> <!-- searchTest -->
        <test-method is-config="true" signature="startHome()[pri:0, instance:amazon.Amazon.ThreatListScreenTest@353352b6]" started-at="2022-07-25T11:30:40 IST" name="startHome" finished-at="2022-07-25T11:30:44 IST" duration-ms="4407" status="PASS">
          <reporter-output>
          </reporter-output>
        </test-method> <!-- startHome -->
        <test-method signature="locFilter()[pri:5, instance:amazon.Amazon.ThreatListScreenTest@353352b6]" started-at="2022-07-25T11:30:44 IST" name="locFilter" finished-at="2022-07-25T11:30:50 IST" duration-ms="5754" status="PASS">
          <reporter-output>
          </reporter-output>
        </test-method> <!-- locFilter -->
        <test-method is-config="true" signature="startHome()[pri:0, instance:amazon.Amazon.ThreatListScreenTest@353352b6]" started-at="2022-07-25T11:30:50 IST" name="startHome" finished-at="2022-07-25T11:30:54 IST" duration-ms="4400" status="PASS">
          <reporter-output>
          </reporter-output>
        </test-method> <!-- startHome -->
        <test-method signature="getNotify()[pri:6, instance:amazon.Amazon.ThreatListScreenTest@353352b6]" started-at="2022-07-25T11:30:54 IST" name="getNotify" finished-at="2022-07-25T11:30:59 IST" duration-ms="4977" status="PASS">
          <reporter-output>
          </reporter-output>
        </test-method> <!-- getNotify -->
        <test-method is-config="true" signature="startHome()[pri:0, instance:amazon.Amazon.ThreatListScreenTest@353352b6]" started-at="2022-07-25T11:30:59 IST" name="startHome" finished-at="2022-07-25T11:31:04 IST" duration-ms="4444" status="PASS">
          <reporter-output>
          </reporter-output>
        </test-method> <!-- startHome -->
        <test-method signature="getUser()[pri:7, instance:amazon.Amazon.ThreatListScreenTest@353352b6]" started-at="2022-07-25T11:31:04 IST" name="getUser" finished-at="2022-07-25T11:31:09 IST" duration-ms="5514" status="PASS">
          <reporter-output>
          </reporter-output>
        </test-method> <!-- getUser -->
      </class> <!-- amazon.Amazon.ThreatListScreenTest -->
    </test> <!-- Test1 -->
  </suite> <!-- Suite -->
</testng-results>
